<?xml version="1.0" encoding="utf-8"?><testsuites name="pytest tests"><testsuite name="pytest" errors="0" failures="0" skipped="0" tests="24" time="69.037" timestamp="2026-04-19T05:57:13.661335+00:00" hostname="agent-env-38df8426-ff23-4960-a9e9-51a96c950b6a"><testcase classname="backend.tests.backend_test.TestHealth" name="test_root" time="0.201" /><testcase classname="backend.tests.backend_test.TestChat" name="test_chat_human_en_with_disclaimer" time="9.013" /><testcase classname="backend.tests.backend_test.TestChat" name="test_chat_emergency_chest_pain" time="7.821" /><testcase classname="backend.tests.backend_test.TestChat" name="test_chat_animal_hindi" time="15.619" /><testcase classname="backend.tests.backend_test.TestChat" name="test_chat_history" time="0.062" /><testcase classname="backend.tests.backend_test.TestSymptoms" name="test_analyze" time="14.693" /><testcase classname="backend.tests.backend_test.TestCost" name="test_conditions_has_human_and_animal" time="0.049" /><testcase classname="backend.tests.backend_test.TestCost" name="test_cost_estimate_bangalore_both" time="0.050" /><testcase classname="backend.tests.backend_test.TestCost" name="test_cost_estimate_unknown" time="0.048" /><testcase classname="backend.tests.backend_test.TestHospitals" name="test_list_human_filters_vet" time="0.048" /><testcase classname="backend.tests.backend_test.TestHospitals" name="test_list_animal_only_vet" time="0.048" /><testcase classname="backend.tests.backend_test.TestHospitals" name="test_search_by_city" time="0.052" /><testcase classname="backend.tests.backend_test.TestSchemes" name="test_schemes_all" time="0.048" /><testcase classname="backend.tests.backend_test.TestSchemes" name="test_schemes_animal" time="0.046" /><testcase classname="backend.tests.backend_test.TestSchemes" name="test_eligibility_human_bpl" time="0.054" /><testcase classname="backend.tests.backend_test.TestSchemes" name="test_eligibility_animal_farmer" time="0.047" /><testcase classname="backend.tests.backend_test.TestMisc" name="test_emergency_info" time="0.046" /><testcase classname="backend.tests.backend_test.TestMisc" name="test_ayurveda_all" time="0.073" /><testcase classname="backend.tests.backend_test.TestMisc" name="test_ayurveda_fever" time="0.051" /><testcase classname="backend.tests.backend_test.TestMisc" name="test_daily_tips" time="0.057" /><testcase classname="backend.tests.backend_test.TestMisc" name="test_dashboard_insights" time="0.064" /><testcase classname="backend.tests.backend_test.TestImages" name="test_image_analyze" time="11.595" /><testcase classname="backend.tests.backend_test.TestImages" name="test_report_upload_list_delete" time="8.959" /><testcase classname="backend.tests.backend_test.TestImages" name="test_image_reject_bad_type" time="0.054" /></testsuite></testsuites>